<?xml version='1.0' encoding='UTF-8'?>
<testsuite hostname="DESKTOP-SSN0RN7" name="TaskManagerSpec" tests="2" errors="0" failures="0" skipped="0" time="0.084" timestamp="2022-06-21T12:04:06">
          <properties>
[...]
</properties>
          <testcase classname="TaskManagerSpec" name="An empty tasks list should have 0 tasks due today" time="0.075">
                      
                    </testcase><testcase classname="TaskManagerSpec" name="A task list with one task due today should have 1 task due today" time="0.009">
                      
                    </testcase>
          <system-out><![CDATA[]]></system-out>
          <system-err><![CDATA[]]></system-err>
        </testsuite>